# JRE version: Java(TM) SE Runtime Environment 18.9 (11.0.12+8) (build 11.0.12+8-LTS-237)
# Java VM: Java HotSpot(TM) 64-Bit Server VM 18.9 (11.0.12+8-LTS-237, mixed mode, tiered, compressed oops, g1 gc, windows-amd64)
Heap:
 garbage-first heap   total 272384K, used 108454K [0x00000000e0000000, 0x0000000100000000)
  region size 1024K, 12 young (12288K), 9 survivors (9216K)
 Metaspace       used 132412K, capacity 136422K, committed 136536K, reserved 374784K
  class space    used 15925K, capacity 17459K, committed 17536K, reserved 253952K
GC Heap History (10 events):
Event: 11038.070 GC heap before
{Heap before GC invocations=69 (full 0):
 garbage-first heap   total 272384K, used 120427K [0x00000000e0000000, 0x0000000100000000)
  region size 1024K, 13 young (13312K), 10 survivors (10240K)
 Metaspace       used 131838K, capacity 135865K, committed 136024K, reserved 372736K
  class space    used 15902K, capacity 17430K, committed 17536K, reserved 253952K
}
Event: 11038.215 GC heap after
{Heap after GC invocations=70 (full 0):
 garbage-first heap   total 272384K, used 107115K [0x00000000e0000000, 0x0000000100000000)
  region size 1024K, 2 young (2048K), 2 survivors (2048K)
 Metaspace       used 131838K, capacity 135865K, committed 136024K, reserved 372736K
  class space    used 15902K, capacity 17430K, committed 17536K, reserved 253952K
}
Event: 11040.032 GC heap before
{Heap before GC invocations=70 (full 0):
 garbage-first heap   total 272384K, used 218731K [0x00000000e0000000, 0x0000000100000000)
  region size 1024K, 112 young (114688K), 2 survivors (2048K)
 Metaspace       used 131903K, capacity 135877K, committed 136024K, reserved 372736K
  class space    used 15906K, capacity 17435K, committed 17536K, reserved 253952K
}
Event: 11040.053 GC heap after
{Heap after GC invocations=71 (full 0):
 garbage-first heap   total 272384K, used 111144K [0x00000000e0000000, 0x0000000100000000)
  region size 1024K, 6 young (6144K), 6 survivors (6144K)
 Metaspace       used 131903K, capacity 135877K, committed 136024K, reserved 372736K
  class space    used 15906K, capacity 17435K, committed 17536K, reserved 253952K
}
Event: 15660.115 GC heap before
{Heap before GC invocations=72 (full 0):
 garbage-first heap   total 272384K, used 221736K [0x00000000e0000000, 0x0000000100000000)
  region size 1024K, 115 young (117760K), 6 survivors (6144K)
 Metaspace       used 131761K, capacity 135624K, committed 136024K, reserved 372736K
  class space    used 15855K, capacity 17325K, committed 17536K, reserved 253952K
}
Event: 15660.288 GC heap after
{Heap after GC invocations=73 (full 0):
 garbage-first heap   total 272384K, used 110187K [0x00000000e0000000, 0x0000000100000000)
  region size 1024K, 5 young (5120K), 5 survivors (5120K)
 Metaspace       used 131761K, capacity 135624K, committed 136024K, reserved 372736K
  class space    used 15855K, capacity 17325K, committed 17536K, reserved 253952K
}
Event: 16105.403 GC heap before
{Heap before GC invocations=73 (full 0):
 garbage-first heap   total 272384K, used 118379K [0x00000000e0000000, 0x0000000100000000)
  region size 1024K, 13 young (13312K), 5 survivors (5120K)
 Metaspace       used 131761K, capacity 135624K, committed 136024K, reserved 372736K
  class space    used 15855K, capacity 17325K, committed 17536K, reserved 253952K
}
Event: 16105.594 GC heap after
{Heap after GC invocations=74 (full 0):
 garbage-first heap   total 272384K, used 98803K [0x00000000e0000000, 0x0000000100000000)
  region size 1024K, 1 young (1024K), 1 survivors (1024K)
 Metaspace       used 131761K, capacity 135624K, committed 136024K, reserved 372736K
  class space    used 15855K, capacity 17325K, committed 17536K, reserved 253952K
}
Event: 16583.513 GC heap before
{Heap before GC invocations=74 (full 0):
 garbage-first heap   total 272384K, used 218611K [0x00000000e0000000, 0x0000000100000000)
  region size 1024K, 118 young (120832K), 1 survivors (1024K)
 Metaspace       used 132394K, capacity 136422K, committed 136536K, reserved 374784K
  class space    used 15925K, capacity 17459K, committed 17536K, reserved 253952K
}
Event: 16583.568 GC heap after
{Heap after GC invocations=75 (full 0):
 garbage-first heap   total 272384K, used 106406K [0x00000000e0000000, 0x0000000100000000)
  region size 1024K, 9 young (9216K), 9 survivors (9216K)
 Metaspace       used 132394K, capacity 136422K, committed 136536K, reserved 374784K
  class space    used 15925K, capacity 17459K, committed 17536K, reserved 253952K
}

